Start testing: Jul 21 19:04 中国标准时间
----------------------------------------------------------
1/2 Testing: rwwa_core_tests
1/2 Test: rwwa_core_tests
Command: "D:/Tool/WwisePlugin_RealWorldWeatherSound/Build/Core/bin/Release/rwwa_core_tests.exe"
Directory: D:/Tool/WwisePlugin_RealWorldWeatherSound/Build/Core
"rwwa_core_tests" start time: Jul 21 19:04 中国标准时间
Output:
----------------------------------------------------------
<end of output>
Test time =   0.04 sec
----------------------------------------------------------
Test Passed.
"rwwa_core_tests" end time: Jul 21 19:04 中国标准时间
"rwwa_core_tests" time elapsed: 00:00:00
----------------------------------------------------------

2/2 Testing: rwwa_offline_renderer_writes_wav
2/2 Test: rwwa_offline_renderer_writes_wav
Command: "D:/Tool/WwisePlugin_RealWorldWeatherSound/Build/Core/bin/Release/rwwa_offline_renderer.exe" "D:/Tool/WwisePlugin_RealWorldWeatherSound/Build/Core/Fixtures/rain_preview.wav"
Directory: D:/Tool/WwisePlugin_RealWorldWeatherSound/Build/Core
"rwwa_offline_renderer_writes_wav" start time: Jul 21 19:04 中国标准时间
Output:
----------------------------------------------------------
Wrote deterministic stereo fixture: D:/Tool/WwisePlugin_RealWorldWeatherSound/Build/Core/Fixtures/rain_preview.wav
<end of output>
Test time =   0.04 sec
----------------------------------------------------------
Test Passed.
"rwwa_offline_renderer_writes_wav" end time: Jul 21 19:04 中国标准时间
"rwwa_offline_renderer_writes_wav" time elapsed: 00:00:00
----------------------------------------------------------

End testing: Jul 21 19:04 中国标准时间
